Using pre-set license
Built from '2020.3/staging' branch; Version is '2020.3.30f1 (1fb1bf06830e) revision 2077119'; Using compiler version '192528614'; Build Type 'Release'
OS: 'Windows 10  (10.0.18363) 64bit Professional' Language: 'en' Physical Memory: 3959 MB
BatchMode: 1, IsHumanControllingUs: 0, StartBugReporterOnCrash: 0, Is64bit: 1, IsPro: 0

COMMAND LINE ARGUMENTS:
D:\Program Files (x86)\GameDev\Unity Editor\2020.3.30f1\Editor\Unity.exe
-adb2
-batchMode
-noUpm
-name
AssetImportWorker0
-projectPath
D:/Program Files (x86)/GameDev/Unity Projects/Paint Your Handbag
-logFile
Logs/AssetImportWorker0.log
-srvPort
54785
Successfully changed project path to: D:/Program Files (x86)/GameDev/Unity Projects/Paint Your Handbag
D:/Program Files (x86)/GameDev/Unity Projects/Paint Your Handbag
Using Asset Import Pipeline V2.
Refreshing native plugins compatible for Editor in 154.51 ms, found 2 plugins.
Preloading 0 native plugins for Editor in 0.00 ms.
Initialize engine version: 2020.3.30f1 (1fb1bf06830e)
[Subsystems] Discovering subsystems at path D:/Program Files (x86)/GameDev/Unity Editor/2020.3.30f1/Editor/Data/Resources/UnitySubsystems
[Subsystems] Discovering subsystems at path D:/Program Files (x86)/GameDev/Unity Projects/Paint Your Handbag/Assets
GfxDevice: creating device client; threaded=0
Direct3D:
    Version:  Direct3D 11.0 [level 11.0]
    Renderer: NVIDIA GeForce 810M (ID=0xfee)
    Vendor:   
    VRAM:     2020 MB
    Driver:   23.21.13.8873
Initialize mono
Mono path[0] = 'D:/Program Files (x86)/GameDev/Unity Editor/2020.3.30f1/Editor/Data/Managed'
Mono path[1] = 'D:/Program Files (x86)/GameDev/Unity Editor/2020.3.30f1/Editor/Data/MonoBleedingEdge/lib/mono/unityjit'
Mono config path = 'D:/Program Files (x86)/GameDev/Unity Editor/2020.3.30f1/Editor/Data/MonoBleedingEdge/etc'
Using monoOptions --debugger-agent=transport=dt_socket,embedding=1,server=y,suspend=n,address=127.0.0.1:56860
Begin MonoManager ReloadAssembly
Registering precompiled unity dll's ...
Register platform support module: D:/Program Files (x86)/GameDev/Unity Editor/2020.3.30f1/Editor/Data/PlaybackEngines/WindowsStandaloneSupport/UnityEditor.WindowsStandalone.Extensions.dll
Registered in 0.006908 seconds.
Native extension for WindowsStandalone target not found
Refreshing native plugins compatible for Editor in 156.40 ms, found 2 plugins.
Preloading 0 native plugins for Editor in 0.00 ms.
Mono: successfully reloaded assembly
- Completed reload, in  2.076 seconds
Domain Reload Profiling:
	ReloadAssembly (2077ms)
		BeginReloadAssembly (303ms)
			ExecutionOrderSort (0ms)
			DisableScriptedObjects (0ms)
			BackupInstance (0ms)
			ReleaseScriptingObjects (0ms)
			CreateAndSetChildDomain (2ms)
		EndReloadAssembly (1566ms)
			LoadAssemblies (300ms)
			RebuildTransferFunctionScriptingTraits (1ms)
			SetupTypeCache (457ms)
			ReleaseScriptCaches (0ms)
			RebuildScriptCaches (108ms)
			SetupLoadedEditorAssemblies (635ms)
				LogAssemblyErrors (0ms)
				InitializePlatformSupportModulesInManaged (14ms)
				SetLoadedEditorAssemblies (1ms)
				RefreshPlugins (157ms)
				BeforeProcessingInitializeOnLoad (70ms)
				ProcessInitializeOnLoadAttributes (289ms)
				ProcessInitializeOnLoadMethodAttributes (102ms)
				AfterProcessingInitializeOnLoad (0ms)
				EditorAssembliesLoaded (1ms)
			ExecutionOrderSort2 (0ms)
			AwakeInstancesAfterBackupRestoration (0ms)
Platform modules already initialized, skipping
Registering precompiled user dll's ...
Registered in 0.020486 seconds.
Begin MonoManager ReloadAssembly
Native extension for WindowsStandalone target not found
Refreshing native plugins compatible for Editor in 1.80 ms, found 2 plugins.
Preloading 0 native plugins for Editor in 0.00 ms.
Mono: successfully reloaded assembly
- Completed reload, in  3.385 seconds
Domain Reload Profiling:
	ReloadAssembly (3392ms)
		BeginReloadAssembly (472ms)
			ExecutionOrderSort (0ms)
			DisableScriptedObjects (16ms)
			BackupInstance (0ms)
			ReleaseScriptingObjects (0ms)
			CreateAndSetChildDomain (48ms)
		EndReloadAssembly (2728ms)
			LoadAssemblies (353ms)
			RebuildTransferFunctionScriptingTraits (0ms)
			SetupTypeCache (854ms)
			ReleaseScriptCaches (2ms)
			RebuildScriptCaches (190ms)
			SetupLoadedEditorAssemblies (1022ms)
				LogAssemblyErrors (0ms)
				InitializePlatformSupportModulesInManaged (24ms)
				SetLoadedEditorAssemblies (4ms)
				RefreshPlugins (2ms)
				BeforeProcessingInitializeOnLoad (253ms)
				ProcessInitializeOnLoadAttributes (691ms)
				ProcessInitializeOnLoadMethodAttributes (39ms)
				AfterProcessingInitializeOnLoad (8ms)
				EditorAssembliesLoaded (0ms)
			ExecutionOrderSort2 (0ms)
			AwakeInstancesAfterBackupRestoration (21ms)
Platform modules already initialized, skipping
========================================================================
Worker process is ready to serve import requests
Launched and connected shader compiler UnityShaderCompiler.exe after 0.16 seconds
Refreshing native plugins compatible for Editor in 1.31 ms, found 2 plugins.
Preloading 0 native plugins for Editor in 0.00 ms.
Unloading 1681 Unused Serialized files (Serialized files now loaded: 0)
System memory in use before: 79.0 MB.
System memory in use after: 79.1 MB.

Unloading 16 unused Assets to reduce memory usage. Loaded Objects now: 2117.
Total: 8.359500 ms (FindLiveObjects: 0.471800 ms CreateObjectMapping: 0.167000 ms MarkObjects: 7.540100 ms  DeleteObjects: 0.176900 ms)

AssetImportParameters requested are different than current active one (requested -> active):
  custom:framework-win-MediaFoundation: 216162199b28c13a410421893ffa2e32 -> 
  custom:video-decoder-ogg-theora: a1e56fd34408186e4bbccfd4996cb3dc -> 
  custom:container-muxer-webm: aa71ff27fc2769a1b78a27578f13a17b -> 
  custom:container-demuxer-webm: 4f35f7cbe854078d1ac9338744f61a02 -> 
  custom:container-demuxer-ogg: 62fdf1f143b41e24485cea50d1cbac27 -> 
  custom:video-encoder-webm-vp8: eb34c28f22e8b96e1ab97ce403110664 -> 
  custom:video-decoder-webm-vp8: 9c59270c3fd7afecdb556c50c9e8de78 -> 
  custom:audio-decoder-ogg-vorbis: bf7c407c2cedff20999df2af8eb42d56 -> 
  custom:audio-encoder-webm-vorbis: bf7c407c2cedff20999df2af8eb42d56 -> 
========================================================================
Received Import Request.
  path: Assets/Icons/IkonicaIgre.png
  artifactKey: Guid(05aa637cf4100354b80831bb09740249) Importer(815301076,1909f56bfc062723c751e8b465ee728b)
Start importing Assets/Icons/IkonicaIgre.png using Guid(05aa637cf4100354b80831bb09740249) Importer(815301076,1909f56bfc062723c751e8b465ee728b)  -> (artifact id: 'd14d7add46161572f4ecd1644911a227') in 0.485139 seconds 
========================================================================
Received Import Request.
  Time since last request: 45.738520 seconds.
  path: Assets/Okruzenje/PodlogaZaFarbanjeUV.png
  artifactKey: Guid(af560069c32cc78478c3d68ac8eec15a) Importer(815301076,1909f56bfc062723c751e8b465ee728b)
Start importing Assets/Okruzenje/PodlogaZaFarbanjeUV.png using Guid(af560069c32cc78478c3d68ac8eec15a) Importer(815301076,1909f56bfc062723c751e8b465ee728b)  -> (artifact id: '9b689785cef14e7c938651f026ae8beb') in 0.269805 seconds 
========================================================================
Received Import Request.
  Time since last request: 0.000824 seconds.
  path: Assets/Okruzenje/TexturaZaPodlogu.png
  artifactKey: Guid(53cbd6ebafc11cf40a35552c7435660b) Importer(815301076,1909f56bfc062723c751e8b465ee728b)
Start importing Assets/Okruzenje/TexturaZaPodlogu.png using Guid(53cbd6ebafc11cf40a35552c7435660b) Importer(815301076,1909f56bfc062723c751e8b465ee728b)  -> (artifact id: 'd7a6ef4cbb7fb636ebc2a49009875c3b') in 0.261738 seconds 
========================================================================
Received Import Request.
  Time since last request: 0.000911 seconds.
  path: Assets/Okruzenje/StoUV.png
  artifactKey: Guid(c50d81cc94915f840813e06f927ab85c) Importer(815301076,1909f56bfc062723c751e8b465ee728b)
Start importing Assets/Okruzenje/StoUV.png using Guid(c50d81cc94915f840813e06f927ab85c) Importer(815301076,1909f56bfc062723c751e8b465ee728b)  -> (artifact id: '01302d1120e9e2648bcfc6e100790fa1') in 0.057996 seconds 
========================================================================
Received Import Request.
  Time since last request: 0.001152 seconds.
  path: Assets/Okruzenje/StoTexura.JPG
  artifactKey: Guid(4cd6fec8a3a74bc4ca7a7724594e7efd) Importer(815301076,1909f56bfc062723c751e8b465ee728b)
Start importing Assets/Okruzenje/StoTexura.JPG using Guid(4cd6fec8a3a74bc4ca7a7724594e7efd) Importer(815301076,1909f56bfc062723c751e8b465ee728b)  -> (artifact id: '24fc6c2bfb8b5915082b4858a5e2a9cd') in 0.065602 seconds 
========================================================================
Received Import Request.
  Time since last request: 0.000781 seconds.
  path: Assets/Okruzenje/PozadinaSobaNoviUV.png
  artifactKey: Guid(e1100df6a880e1948ac11e8be82cd844) Importer(815301076,1909f56bfc062723c751e8b465ee728b)
Start importing Assets/Okruzenje/PozadinaSobaNoviUV.png using Guid(e1100df6a880e1948ac11e8be82cd844) Importer(815301076,1909f56bfc062723c751e8b465ee728b)  -> (artifact id: '721cbbe9689c89710abac48cb01b90ef') in 0.080802 seconds 
========================================================================
Received Import Request.
  Time since last request: 0.001320 seconds.
  path: Assets/Okruzenje/PozadinaSobaUV.png
  artifactKey: Guid(3027731698507754fa4581a8aeb0c680) Importer(815301076,1909f56bfc062723c751e8b465ee728b)
Start importing Assets/Okruzenje/PozadinaSobaUV.png using Guid(3027731698507754fa4581a8aeb0c680) Importer(815301076,1909f56bfc062723c751e8b465ee728b)  -> (artifact id: '750296640d72237f45609187d08732d1') in 0.070189 seconds 
========================================================================
Received Import Request.
  Time since last request: 0.000681 seconds.
  path: Assets/Okruzenje/PozadinaSobaTextura.png
  artifactKey: Guid(f41f47ef6f45c9741b42deeaceb753b8) Importer(815301076,1909f56bfc062723c751e8b465ee728b)
Start importing Assets/Okruzenje/PozadinaSobaTextura.png using Guid(f41f47ef6f45c9741b42deeaceb753b8) Importer(815301076,1909f56bfc062723c751e8b465ee728b)  -> (artifact id: '4b459941550f1da54227bde3012274d3') in 0.063392 seconds 
========================================================================
Received Import Request.
  Time since last request: 94.737239 seconds.
  path: Assets/Scenes/scene2.unity
  artifactKey: Guid(87533847c6ac4f94db09d56812b7350d) Importer(815301076,1909f56bfc062723c751e8b465ee728b)
Start importing Assets/Scenes/scene2.unity using Guid(87533847c6ac4f94db09d56812b7350d) Importer(815301076,1909f56bfc062723c751e8b465ee728b)  -> (artifact id: '2392b41358edc1d629f864ca3563269d') in 0.013264 seconds 
========================================================================
Received Import Request.
  Time since last request: 425.128326 seconds.
  path: Assets/TorbaRucke/Materials/TorbaSaRuckomUskaUV.mat
  artifactKey: Guid(1a88fdef761dbef4f8be3a1c5a9ca030) Importer(815301076,1909f56bfc062723c751e8b465ee728b)
Start importing Assets/TorbaRucke/Materials/TorbaSaRuckomUskaUV.mat using Guid(1a88fdef761dbef4f8be3a1c5a9ca030) Importer(815301076,1909f56bfc062723c751e8b465ee728b)  -> (artifact id: 'ba1a307734150ec85ba0076f0d367f86') in 0.290479 seconds 
========================================================================
Received Prepare
Registering precompiled user dll's ...
Registered in 0.010464 seconds.
Begin MonoManager ReloadAssembly
Native extension for WindowsStandalone target not found
Refreshing native plugins compatible for Editor in 1.34 ms, found 2 plugins.
Preloading 0 native plugins for Editor in 0.00 ms.
Mono: successfully reloaded assembly
- Completed reload, in  2.756 seconds
Domain Reload Profiling:
	ReloadAssembly (2758ms)
		BeginReloadAssembly (297ms)
			ExecutionOrderSort (0ms)
			DisableScriptedObjects (13ms)
			BackupInstance (0ms)
			ReleaseScriptingObjects (0ms)
			CreateAndSetChildDomain (80ms)
		EndReloadAssembly (2295ms)
			LoadAssemblies (285ms)
			RebuildTransferFunctionScriptingTraits (0ms)
			SetupTypeCache (781ms)
			ReleaseScriptCaches (2ms)
			RebuildScriptCaches (113ms)
			SetupLoadedEditorAssemblies (849ms)
				LogAssemblyErrors (0ms)
				InitializePlatformSupportModulesInManaged (12ms)
				SetLoadedEditorAssemblies (1ms)
				RefreshPlugins (2ms)
				BeforeProcessingInitializeOnLoad (205ms)
				ProcessInitializeOnLoadAttributes (590ms)
				ProcessInitializeOnLoadMethodAttributes (30ms)
				AfterProcessingInitializeOnLoad (8ms)
				EditorAssembliesLoaded (1ms)
			ExecutionOrderSort2 (0ms)
			AwakeInstancesAfterBackupRestoration (20ms)
Platform modules already initialized, skipping
Switching build target platform(19) subTarget(0) extendedPlatform(0) -> platform(13) subTarget(537395200) extendedPlatform(0)
Refreshing native plugins compatible for Editor in 1.37 ms, found 2 plugins.
Preloading 0 native plugins for Editor in 0.00 ms.
Unloading 1660 Unused Serialized files (Serialized files now loaded: 0)
System memory in use before: 80.1 MB.
System memory in use after: 80.2 MB.

Unloading 11 unused Assets to reduce memory usage. Loaded Objects now: 2160.
Total: 7.642300 ms (FindLiveObjects: 0.607900 ms CreateObjectMapping: 0.336200 ms MarkObjects: 6.630600 ms  DeleteObjects: 0.063400 ms)

AssetImportParameters requested are different than current active one (requested -> active):
  custom:framework-win-MediaFoundation: 216162199b28c13a410421893ffa2e32 -> 
  custom:video-decoder-ogg-theora: a1e56fd34408186e4bbccfd4996cb3dc -> 
  custom:container-muxer-webm: aa71ff27fc2769a1b78a27578f13a17b -> 
  custom:container-demuxer-webm: 4f35f7cbe854078d1ac9338744f61a02 -> 
  custom:container-demuxer-ogg: 62fdf1f143b41e24485cea50d1cbac27 -> 
  custom:video-encoder-webm-vp8: eb34c28f22e8b96e1ab97ce403110664 -> 
  custom:video-decoder-webm-vp8: 9c59270c3fd7afecdb556c50c9e8de78 -> 
  custom:graphics/normal-map-encoding: 01000000000000000000000000000000 -> 02000000000000000000000000000000
  custom:audio-decoder-ogg-vorbis: bf7c407c2cedff20999df2af8eb42d56 -> 
  custom:audio-encoder-webm-vorbis: bf7c407c2cedff20999df2af8eb42d56 -> 
========================================================================
Received Import Request.
  Time since last request: 358.918514 seconds.
  path: Assets/Okruzenje/OkruzenjeSoba.fbx
  artifactKey: Guid(f229258b584cae84095fd37e44198654) Importer(815301076,1909f56bfc062723c751e8b465ee728b)
Start importing Assets/Okruzenje/OkruzenjeSoba.fbx using Guid(f229258b584cae84095fd37e44198654) Importer(815301076,1909f56bfc062723c751e8b465ee728b)  -> (artifact id: '012f619662de6d1c5cfeb5b629bc47fa') in 1.116432 seconds 
========================================================================
Received Import Request.
  Time since last request: 0.000729 seconds.
  path: Assets/Okruzenje/OkruzenjeSobaUV.png
  artifactKey: Guid(1aebf5faff69d1e4a8bf12bc16983216) Importer(815301076,1909f56bfc062723c751e8b465ee728b)
Start importing Assets/Okruzenje/OkruzenjeSobaUV.png using Guid(1aebf5faff69d1e4a8bf12bc16983216) Importer(815301076,1909f56bfc062723c751e8b465ee728b)  -> (artifact id: 'd0abdccd1dca53995c2a5c6911ff268d') in 0.084022 seconds 
========================================================================
Received Prepare
Registering precompiled user dll's ...
Registered in 0.008685 seconds.
Begin MonoManager ReloadAssembly
Native extension for WindowsStandalone target not found
Refreshing native plugins compatible for Editor in 1.51 ms, found 2 plugins.
Preloading 0 native plugins for Editor in 0.00 ms.
Mono: successfully reloaded assembly
- Completed reload, in  3.865 seconds
Domain Reload Profiling:
	ReloadAssembly (3867ms)
		BeginReloadAssembly (316ms)
			ExecutionOrderSort (0ms)
			DisableScriptedObjects (13ms)
			BackupInstance (0ms)
			ReleaseScriptingObjects (0ms)
			CreateAndSetChildDomain (86ms)
		EndReloadAssembly (3324ms)
			LoadAssemblies (343ms)
			RebuildTransferFunctionScriptingTraits (0ms)
			SetupTypeCache (1019ms)
			ReleaseScriptCaches (2ms)
			RebuildScriptCaches (193ms)
			SetupLoadedEditorAssemblies (1263ms)
				LogAssemblyErrors (0ms)
				InitializePlatformSupportModulesInManaged (22ms)
				SetLoadedEditorAssemblies (2ms)
				RefreshPlugins (2ms)
				BeforeProcessingInitializeOnLoad (341ms)
				ProcessInitializeOnLoadAttributes (832ms)
				ProcessInitializeOnLoadMethodAttributes (49ms)
				AfterProcessingInitializeOnLoad (13ms)
				EditorAssembliesLoaded (1ms)
			ExecutionOrderSort2 (0ms)
			AwakeInstancesAfterBackupRestoration (43ms)
Platform modules already initialized, skipping
Switching build target platform(19) subTarget(0) extendedPlatform(0) -> platform(13) subTarget(537395200) extendedPlatform(0)
Refreshing native plugins compatible for Editor in 1.36 ms, found 2 plugins.
Preloading 0 native plugins for Editor in 0.00 ms.
Unloading 1660 Unused Serialized files (Serialized files now loaded: 0)
System memory in use before: 80.3 MB.
System memory in use after: 80.5 MB.

Unloading 12 unused Assets to reduce memory usage. Loaded Objects now: 2166.
Total: 8.063500 ms (FindLiveObjects: 0.557800 ms CreateObjectMapping: 0.218500 ms MarkObjects: 7.107600 ms  DeleteObjects: 0.173600 ms)

AssetImportParameters requested are different than current active one (requested -> active):
  custom:framework-win-MediaFoundation: 216162199b28c13a410421893ffa2e32 -> 
  custom:video-decoder-ogg-theora: a1e56fd34408186e4bbccfd4996cb3dc -> 
  custom:container-muxer-webm: aa71ff27fc2769a1b78a27578f13a17b -> 
  custom:container-demuxer-webm: 4f35f7cbe854078d1ac9338744f61a02 -> 
  custom:container-demuxer-ogg: 62fdf1f143b41e24485cea50d1cbac27 -> 
  custom:video-encoder-webm-vp8: eb34c28f22e8b96e1ab97ce403110664 -> 
  custom:video-decoder-webm-vp8: 9c59270c3fd7afecdb556c50c9e8de78 -> 
  custom:graphics/normal-map-encoding: 01000000000000000000000000000000 -> 02000000000000000000000000000000
  custom:audio-decoder-ogg-vorbis: bf7c407c2cedff20999df2af8eb42d56 -> 
  custom:audio-encoder-webm-vorbis: bf7c407c2cedff20999df2af8eb42d56 -> 
========================================================================
Received Import Request.
  Time since last request: 225.593718 seconds.
  path: Assets/Okruzenje/OkruzenjeSoba.fbx
  artifactKey: Guid(f229258b584cae84095fd37e44198654) Importer(815301076,1909f56bfc062723c751e8b465ee728b)
Start importing Assets/Okruzenje/OkruzenjeSoba.fbx using Guid(f229258b584cae84095fd37e44198654) Importer(815301076,1909f56bfc062723c751e8b465ee728b)  -> (artifact id: 'f1c2816698b9a350571aae0813c842fc') in 0.377553 seconds 
========================================================================
Received Import Request.
  Time since last request: 178.322299 seconds.
  path: Assets/Okruzenje/Materials/OkruzenjeSobaUV.mat
  artifactKey: Guid(2bdb5eb9008af204b93289246482bc69) Importer(815301076,1909f56bfc062723c751e8b465ee728b)
Start importing Assets/Okruzenje/Materials/OkruzenjeSobaUV.mat using Guid(2bdb5eb9008af204b93289246482bc69) Importer(815301076,1909f56bfc062723c751e8b465ee728b)  -> (artifact id: 'ac97a6a78c2da0165a2921816e2763a2') in 0.095952 seconds 
========================================================================
Received Import Request.
  Time since last request: 39.835402 seconds.
  path: Assets/Okruzenje/Materials/PozadinaSobaTextura.mat
  artifactKey: Guid(4e21a09571ea1be49b06895db53bc841) Importer(815301076,1909f56bfc062723c751e8b465ee728b)
Start importing Assets/Okruzenje/Materials/PozadinaSobaTextura.mat using Guid(4e21a09571ea1be49b06895db53bc841) Importer(815301076,1909f56bfc062723c751e8b465ee728b)  -> (artifact id: '4924584ea0b338b955d5f0323c00e16b') in 0.082501 seconds 
========================================================================
Received Prepare
Registering precompiled user dll's ...
Registered in 0.052991 seconds.
Begin MonoManager ReloadAssembly
Native extension for WindowsStandalone target not found
Refreshing native plugins compatible for Editor in 2.01 ms, found 2 plugins.
Preloading 0 native plugins for Editor in 0.00 ms.
Mono: successfully reloaded assembly
- Completed reload, in  6.089 seconds
Domain Reload Profiling:
	ReloadAssembly (6091ms)
		BeginReloadAssembly (401ms)
			ExecutionOrderSort (0ms)
			DisableScriptedObjects (25ms)
			BackupInstance (0ms)
			ReleaseScriptingObjects (0ms)
			CreateAndSetChildDomain (106ms)
		EndReloadAssembly (5485ms)
			LoadAssemblies (354ms)
			RebuildTransferFunctionScriptingTraits (0ms)
			SetupTypeCache (1387ms)
			ReleaseScriptCaches (5ms)
			RebuildScriptCaches (516ms)
			SetupLoadedEditorAssemblies (2207ms)
				LogAssemblyErrors (0ms)
				InitializePlatformSupportModulesInManaged (30ms)
				SetLoadedEditorAssemblies (4ms)
				RefreshPlugins (2ms)
				BeforeProcessingInitializeOnLoad (518ms)
				ProcessInitializeOnLoadAttributes (1567ms)
				ProcessInitializeOnLoadMethodAttributes (65ms)
				AfterProcessingInitializeOnLoad (20ms)
				EditorAssembliesLoaded (1ms)
			ExecutionOrderSort2 (0ms)
			AwakeInstancesAfterBackupRestoration (48ms)
Platform modules already initialized, skipping
Switching build target platform(19) subTarget(0) extendedPlatform(0) -> platform(13) subTarget(537395200) extendedPlatform(0)
Refreshing native plugins compatible for Editor in 1.93 ms, found 2 plugins.
Preloading 0 native plugins for Editor in 0.00 ms.
Unloading 1660 Unused Serialized files (Serialized files now loaded: 0)
System memory in use before: 80.4 MB.
System memory in use after: 80.5 MB.

Unloading 11 unused Assets to reduce memory usage. Loaded Objects now: 2169.
Total: 14.013300 ms (FindLiveObjects: 0.764700 ms CreateObjectMapping: 0.359100 ms MarkObjects: 12.755400 ms  DeleteObjects: 0.127300 ms)

AssetImportParameters requested are different than current active one (requested -> active):
  custom:framework-win-MediaFoundation: 216162199b28c13a410421893ffa2e32 -> 
  custom:video-decoder-ogg-theora: a1e56fd34408186e4bbccfd4996cb3dc -> 
  custom:container-muxer-webm: aa71ff27fc2769a1b78a27578f13a17b -> 
  custom:container-demuxer-webm: 4f35f7cbe854078d1ac9338744f61a02 -> 
  custom:container-demuxer-ogg: 62fdf1f143b41e24485cea50d1cbac27 -> 
  custom:video-encoder-webm-vp8: eb34c28f22e8b96e1ab97ce403110664 -> 
  custom:video-decoder-webm-vp8: 9c59270c3fd7afecdb556c50c9e8de78 -> 
  custom:graphics/normal-map-encoding: 01000000000000000000000000000000 -> 02000000000000000000000000000000
  custom:audio-decoder-ogg-vorbis: bf7c407c2cedff20999df2af8eb42d56 -> 
  custom:audio-encoder-webm-vorbis: bf7c407c2cedff20999df2af8eb42d56 -> 
========================================================================
Received Import Request.
  Time since last request: 276.828643 seconds.
  path: Assets/Okruzenje/Materials/PozadinaSobaTextura.mat
  artifactKey: Guid(4e21a09571ea1be49b06895db53bc841) Importer(815301076,1909f56bfc062723c751e8b465ee728b)
Start importing Assets/Okruzenje/Materials/PozadinaSobaTextura.mat using Guid(4e21a09571ea1be49b06895db53bc841) Importer(815301076,1909f56bfc062723c751e8b465ee728b)  -> (artifact id: '791651f7d90a2eb2e2ac3234edf59bca') in 0.448307 seconds 
========================================================================
Received Prepare
Registering precompiled user dll's ...
Registered in 0.026199 seconds.
Begin MonoManager ReloadAssembly
Native extension for WindowsStandalone target not found
Refreshing native plugins compatible for Editor in 1.49 ms, found 2 plugins.
Preloading 0 native plugins for Editor in 0.00 ms.
Mono: successfully reloaded assembly
- Completed reload, in  3.248 seconds
Domain Reload Profiling:
	ReloadAssembly (3251ms)
		BeginReloadAssembly (419ms)
			ExecutionOrderSort (0ms)
			DisableScriptedObjects (13ms)
			BackupInstance (0ms)
			ReleaseScriptingObjects (0ms)
			CreateAndSetChildDomain (80ms)
		EndReloadAssembly (2640ms)
			LoadAssemblies (497ms)
			RebuildTransferFunctionScriptingTraits (1ms)
			SetupTypeCache (867ms)
			ReleaseScriptCaches (2ms)
			RebuildScriptCaches (118ms)
			SetupLoadedEditorAssemblies (963ms)
				LogAssemblyErrors (0ms)
				InitializePlatformSupportModulesInManaged (12ms)
				SetLoadedEditorAssemblies (1ms)
				RefreshPlugins (2ms)
				BeforeProcessingInitializeOnLoad (228ms)
				ProcessInitializeOnLoadAttributes (662ms)
				ProcessInitializeOnLoadMethodAttributes (48ms)
				AfterProcessingInitializeOnLoad (9ms)
				EditorAssembliesLoaded (1ms)
			ExecutionOrderSort2 (0ms)
			AwakeInstancesAfterBackupRestoration (24ms)
Platform modules already initialized, skipping
Switching build target platform(19) subTarget(0) extendedPlatform(0) -> platform(13) subTarget(537395200) extendedPlatform(0)
Refreshing native plugins compatible for Editor in 1.31 ms, found 2 plugins.
Preloading 0 native plugins for Editor in 0.00 ms.
Unloading 1660 Unused Serialized files (Serialized files now loaded: 0)
System memory in use before: 80.4 MB.
System memory in use after: 80.5 MB.

Unloading 11 unused Assets to reduce memory usage. Loaded Objects now: 2172.
Total: 8.006400 ms (FindLiveObjects: 0.478900 ms CreateObjectMapping: 0.140000 ms MarkObjects: 7.316200 ms  DeleteObjects: 0.067500 ms)

AssetImportParameters requested are different than current active one (requested -> active):
  custom:framework-win-MediaFoundation: 216162199b28c13a410421893ffa2e32 -> 
  custom:video-decoder-ogg-theora: a1e56fd34408186e4bbccfd4996cb3dc -> 
  custom:container-muxer-webm: aa71ff27fc2769a1b78a27578f13a17b -> 
  custom:container-demuxer-webm: 4f35f7cbe854078d1ac9338744f61a02 -> 
  custom:container-demuxer-ogg: 62fdf1f143b41e24485cea50d1cbac27 -> 
  custom:video-encoder-webm-vp8: eb34c28f22e8b96e1ab97ce403110664 -> 
  custom:video-decoder-webm-vp8: 9c59270c3fd7afecdb556c50c9e8de78 -> 
  custom:graphics/normal-map-encoding: 01000000000000000000000000000000 -> 02000000000000000000000000000000
  custom:audio-decoder-ogg-vorbis: bf7c407c2cedff20999df2af8eb42d56 -> 
  custom:audio-encoder-webm-vorbis: bf7c407c2cedff20999df2af8eb42d56 -> 
========================================================================
Received Import Request.
  Time since last request: 5434.165149 seconds.
  path: Assets/Scenes/scene1.unity
  artifactKey: Guid(5babc46a3de37ff46a82ea474568d2bb) Importer(815301076,1909f56bfc062723c751e8b465ee728b)
Start importing Assets/Scenes/scene1.unity using Guid(5babc46a3de37ff46a82ea474568d2bb) Importer(815301076,1909f56bfc062723c751e8b465ee728b)  -> (artifact id: 'df499e3fa053f1c255d8004b7867e9a3') in 0.044975 seconds 
========================================================================
Received Import Request.
  Time since last request: 4.360557 seconds.
  path: Assets/Scenes/scene2.unity
  artifactKey: Guid(87533847c6ac4f94db09d56812b7350d) Importer(815301076,1909f56bfc062723c751e8b465ee728b)
Start importing Assets/Scenes/scene2.unity using Guid(87533847c6ac4f94db09d56812b7350d) Importer(815301076,1909f56bfc062723c751e8b465ee728b)  -> (artifact id: '7274a7c303be45e7d28f6532586df4ee') in 0.004851 seconds 
========================================================================
Received Import Request.
  Time since last request: 130.694919 seconds.
  path: Assets/Plugins/CW/PaintIn3D/Extras/Materials/Erase (Albedo).png
  artifactKey: Guid(ce13b5e5ee3b5a94d8cb40d23079eef7) Importer(815301076,1909f56bfc062723c751e8b465ee728b)
Start importing Assets/Plugins/CW/PaintIn3D/Extras/Materials/Erase (Albedo).png using Guid(ce13b5e5ee3b5a94d8cb40d23079eef7) Importer(815301076,1909f56bfc062723c751e8b465ee728b)  -> (artifact id: '53492274f5630d59121aabc5aca8f745') in 0.118093 seconds 
========================================================================
Received Import Request.
  Time since last request: 0.000837 seconds.
  path: Assets/Plugins/CW/PaintIn3D/Examples/InGame/Textures/Flow_Left.png
  artifactKey: Guid(f6937a36e5b9c2e4d877f1bafdf65738) Importer(815301076,1909f56bfc062723c751e8b465ee728b)
Start importing Assets/Plugins/CW/PaintIn3D/Examples/InGame/Textures/Flow_Left.png using Guid(f6937a36e5b9c2e4d877f1bafdf65738) Importer(815301076,1909f56bfc062723c751e8b465ee728b)  -> (artifact id: '0056a12025ace72082bb9eeeb009ab30') in 0.037754 seconds 
========================================================================
Received Import Request.
  Time since last request: 0.000736 seconds.
  path: Assets/Plugins/CW/PaintIn3D/Examples/InGame/Decals/Flat_Normal.png
  artifactKey: Guid(671d1282a7a05d940860d8d3cc52fba3) Importer(815301076,1909f56bfc062723c751e8b465ee728b)
Start importing Assets/Plugins/CW/PaintIn3D/Examples/InGame/Decals/Flat_Normal.png using Guid(671d1282a7a05d940860d8d3cc52fba3) Importer(815301076,1909f56bfc062723c751e8b465ee728b)  -> (artifact id: 'ce7717d15742995d20c118724cb2b3e0') in 0.025485 seconds 
========================================================================
Received Import Request.
  Time since last request: 0.000681 seconds.
  path: Assets/Plugins/CW/PaintIn3D/Examples/InGame/Textures/Flow_Twist.png
  artifactKey: Guid(1d1a61a18104f074faba19efb8b111a7) Importer(815301076,1909f56bfc062723c751e8b465ee728b)
Start importing Assets/Plugins/CW/PaintIn3D/Examples/InGame/Textures/Flow_Twist.png using Guid(1d1a61a18104f074faba19efb8b111a7) Importer(815301076,1909f56bfc062723c751e8b465ee728b)  -> (artifact id: '7316b9b22eb45172f9d99e10c82cab0f') in 0.047894 seconds 
========================================================================
Received Import Request.
  Time since last request: 0.000874 seconds.
  path: Assets/Plugins/CW/PaintIn3D/Examples/InGame/Textures/Flow_Down.png
  artifactKey: Guid(e17c2820b5b230c42a06876c50a22f70) Importer(815301076,1909f56bfc062723c751e8b465ee728b)
Start importing Assets/Plugins/CW/PaintIn3D/Examples/InGame/Textures/Flow_Down.png using Guid(e17c2820b5b230c42a06876c50a22f70) Importer(815301076,1909f56bfc062723c751e8b465ee728b)  -> (artifact id: '0ea3450960026e54631231b38e33d727') in 0.031212 seconds 
========================================================================
Received Import Request.
  Time since last request: 0.000672 seconds.
  path: Assets/Plugins/CW/PaintIn3D/Extras/Materials/Erase (Normal).png
  artifactKey: Guid(71c4f0a932d5314428f2ef896d3ed949) Importer(815301076,1909f56bfc062723c751e8b465ee728b)
Start importing Assets/Plugins/CW/PaintIn3D/Extras/Materials/Erase (Normal).png using Guid(71c4f0a932d5314428f2ef896d3ed949) Importer(815301076,1909f56bfc062723c751e8b465ee728b)  -> (artifact id: 'd76bacdbc98f2882dc9d02a1f1d622db') in 0.032839 seconds 
========================================================================
Received Import Request.
  Time since last request: 0.000822 seconds.
  path: Assets/Plugins/CW/PaintIn3D/Examples/InGame/Textures/Flow_Twist2.png
  artifactKey: Guid(7d646f0c2cd86fd479496e3ead980355) Importer(815301076,1909f56bfc062723c751e8b465ee728b)
Start importing Assets/Plugins/CW/PaintIn3D/Examples/InGame/Textures/Flow_Twist2.png using Guid(7d646f0c2cd86fd479496e3ead980355) Importer(815301076,1909f56bfc062723c751e8b465ee728b)  -> (artifact id: '4a3a1a4acd8a8bf21f0fc7c9bc52e578') in 0.047093 seconds 
========================================================================
Received Import Request.
  Time since last request: 0.000805 seconds.
  path: Assets/Plugins/CW/PaintIn3D/Examples/InGame/Textures/Flow_In2.png
  artifactKey: Guid(8bb2dac0adfef704ea2d85b2addb6e20) Importer(815301076,1909f56bfc062723c751e8b465ee728b)
Start importing Assets/Plugins/CW/PaintIn3D/Examples/InGame/Textures/Flow_In2.png using Guid(8bb2dac0adfef704ea2d85b2addb6e20) Importer(815301076,1909f56bfc062723c751e8b465ee728b)  -> (artifact id: '6e77fe129e8c87d3d4457d1d290b5c90') in 0.035689 seconds 
========================================================================
Received Import Request.
  Time since last request: 0.001955 seconds.
  path: Assets/Plugins/CW/PaintIn3D/Examples/InGame/Textures/Flow_Out2.png
  artifactKey: Guid(22f7a4bf543a6554597f071d21023c92) Importer(815301076,1909f56bfc062723c751e8b465ee728b)
Start importing Assets/Plugins/CW/PaintIn3D/Examples/InGame/Textures/Flow_Out2.png using Guid(22f7a4bf543a6554597f071d21023c92) Importer(815301076,1909f56bfc062723c751e8b465ee728b)  -> (artifact id: '55607adc2f3e95363bf19d4e24a24b45') in 0.038836 seconds 
========================================================================
Received Import Request.
  Time since last request: 0.001706 seconds.
  path: Assets/Plugins/CW/PaintIn3D/Examples/InGame/Textures/Flow_Out.png
  artifactKey: Guid(d3a1de7274d7030449777147a6d2394c) Importer(815301076,1909f56bfc062723c751e8b465ee728b)
Start importing Assets/Plugins/CW/PaintIn3D/Examples/InGame/Textures/Flow_Out.png using Guid(d3a1de7274d7030449777147a6d2394c) Importer(815301076,1909f56bfc062723c751e8b465ee728b)  -> (artifact id: '1d5d0a08cb476c31c6b50b78e7a7d2d1') in 0.038173 seconds 
========================================================================
Received Import Request.
  Time since last request: 0.000752 seconds.
  path: Assets/Plugins/CW/PaintIn3D/Examples/InGame/Textures/Flow_Right.png
  artifactKey: Guid(18bda72950c54b240b304eadb40dc0ac) Importer(815301076,1909f56bfc062723c751e8b465ee728b)
Start importing Assets/Plugins/CW/PaintIn3D/Examples/InGame/Textures/Flow_Right.png using Guid(18bda72950c54b240b304eadb40dc0ac) Importer(815301076,1909f56bfc062723c751e8b465ee728b)  -> (artifact id: '231951ccdd0945f5a0a0124bf4a1330e') in 0.030795 seconds 
========================================================================
Received Import Request.
  Time since last request: 0.000717 seconds.
  path: Assets/Plugins/CW/PaintIn3D/Examples/InGame/Textures/Flow_In.png
  artifactKey: Guid(70e23269de6ec954898f35ad191da288) Importer(815301076,1909f56bfc062723c751e8b465ee728b)
Start importing Assets/Plugins/CW/PaintIn3D/Examples/InGame/Textures/Flow_In.png using Guid(70e23269de6ec954898f35ad191da288) Importer(815301076,1909f56bfc062723c751e8b465ee728b)  -> (artifact id: '51fe238c79befe87220a989e9c13096f') in 0.034422 seconds 
========================================================================
Received Import Request.
  Time since last request: 1.123022 seconds.
  path: Assets/Plugins/CW/PaintIn3D/Examples/InGame/Textures/Flow_Up.png
  artifactKey: Guid(05c5915ed425e094baffcacbe9c0e76a) Importer(815301076,1909f56bfc062723c751e8b465ee728b)
Start importing Assets/Plugins/CW/PaintIn3D/Examples/InGame/Textures/Flow_Up.png using Guid(05c5915ed425e094baffcacbe9c0e76a) Importer(815301076,1909f56bfc062723c751e8b465ee728b)  -> (artifact id: '8b30612b44162f3a0c603ef84a635e95') in 0.122542 seconds 
========================================================================
Received Import Request.
  Time since last request: 0.000805 seconds.
  path: Assets/Plugins/CW/PaintIn3D/Examples/InGame/Materials/Glass_Albedo.png
  artifactKey: Guid(33a0b40c8b7ade748823369af71c40ae) Importer(815301076,1909f56bfc062723c751e8b465ee728b)
Start importing Assets/Plugins/CW/PaintIn3D/Examples/InGame/Materials/Glass_Albedo.png using Guid(33a0b40c8b7ade748823369af71c40ae) Importer(815301076,1909f56bfc062723c751e8b465ee728b)  -> (artifact id: '41ef47e518154f84d7fb06f8dcac3ef2') in 0.103928 seconds 
========================================================================
Received Import Request.
  Time since last request: 0.001666 seconds.
  path: Assets/Plugins/CW/Shared/Common/Examples/Fonts/VarelaRound-Regular.ttf
  artifactKey: Guid(da9a51ce28f0d7443a5bcbdbe04c4f4b) Importer(815301076,1909f56bfc062723c751e8b465ee728b)
Start importing Assets/Plugins/CW/Shared/Common/Examples/Fonts/VarelaRound-Regular.ttf using Guid(da9a51ce28f0d7443a5bcbdbe04c4f4b) Importer(815301076,1909f56bfc062723c751e8b465ee728b)  -> (artifact id: '5fa5bbd169fea87894980691083cca98') in 0.242869 seconds 
========================================================================
Received Import Request.
  Time since last request: 0.000727 seconds.
  path: Assets/Plugins/CW/PaintIn3D/Extras/Materials/Full/Ground_Grass_001.png
  artifactKey: Guid(e043f8a8bb2e34947977bc4aff9a1c15) Importer(815301076,1909f56bfc062723c751e8b465ee728b)
Start importing Assets/Plugins/CW/PaintIn3D/Extras/Materials/Full/Ground_Grass_001.png using Guid(e043f8a8bb2e34947977bc4aff9a1c15) Importer(815301076,1909f56bfc062723c751e8b465ee728b)  -> (artifact id: 'e4e7bd010eaa182d88bf13b262b2acd2') in 0.059653 seconds 
========================================================================
Received Import Request.
  Time since last request: 0.000663 seconds.
  path: Assets/Plugins/CW/PaintIn3D/Extras/Materials/Full/Ground_Grass_001_Occlusion.png
  artifactKey: Guid(85fd5d425fd19ea4c9a5e971f454aee7) Importer(815301076,1909f56bfc062723c751e8b465ee728b)
Start importing Assets/Plugins/CW/PaintIn3D/Extras/Materials/Full/Ground_Grass_001_Occlusion.png using Guid(85fd5d425fd19ea4c9a5e971f454aee7) Importer(815301076,1909f56bfc062723c751e8b465ee728b)  -> (artifact id: '89d01d615509bfe7af41cd78a611c703') in 0.136643 seconds 
========================================================================
Received Import Request.
  Time since last request: 0.001278 seconds.
  path: Assets/Plugins/CW/PaintIn3D/Extras/Materials/Full/Ground_Grass_001_Albedo.png
  artifactKey: Guid(044ca0892f3393d449143e87af4d4743) Importer(815301076,1909f56bfc062723c751e8b465ee728b)
Start importing Assets/Plugins/CW/PaintIn3D/Extras/Materials/Full/Ground_Grass_001_Albedo.png using Guid(044ca0892f3393d449143e87af4d4743) Importer(815301076,1909f56bfc062723c751e8b465ee728b)  -> (artifact id: 'd8f42618698a4ef74c922e44d16210fa') in 0.140747 seconds 
========================================================================
Received Import Request.
  Time since last request: 0.001572 seconds.
  path: Assets/Plugins/CW/PaintIn3D/Extras/Materials/Full/Ground_Grass_001_Smoothness.png
  artifactKey: Guid(55fe94da0bab7e046a2d1d7a92ff1483) Importer(815301076,1909f56bfc062723c751e8b465ee728b)
Start importing Assets/Plugins/CW/PaintIn3D/Extras/Materials/Full/Ground_Grass_001_Smoothness.png using Guid(55fe94da0bab7e046a2d1d7a92ff1483) Importer(815301076,1909f56bfc062723c751e8b465ee728b)  -> (artifact id: '79bf6fc957ed68e1ea9e798fc75f0e47') in 0.143587 seconds 
========================================================================
Received Import Request.
  Time since last request: 0.001153 seconds.
  path: Assets/Plugins/CW/PaintIn3D/Extras/Materials/Full/Ground_Grass_001_Normal.png
  artifactKey: Guid(7203b7fd56f5f1a498fd00e8fc7d9088) Importer(815301076,1909f56bfc062723c751e8b465ee728b)
Start importing Assets/Plugins/CW/PaintIn3D/Extras/Materials/Full/Ground_Grass_001_Normal.png using Guid(7203b7fd56f5f1a498fd00e8fc7d9088) Importer(815301076,1909f56bfc062723c751e8b465ee728b)  -> (artifact id: 'ff8e18e2f3ab1f8a9d6016d0427587bd') in 0.140655 seconds 
========================================================================
Received Import Request.
  Time since last request: 0.001118 seconds.
  path: Assets/Plugins/CW/PaintIn3D/Examples/InEditor/Icon Builder (Tool).png
  artifactKey: Guid(936e4348d4fd47048acfd46d4c8aa8f1) Importer(815301076,1909f56bfc062723c751e8b465ee728b)
Start importing Assets/Plugins/CW/PaintIn3D/Examples/InEditor/Icon Builder (Tool).png using Guid(936e4348d4fd47048acfd46d4c8aa8f1) Importer(815301076,1909f56bfc062723c751e8b465ee728b)  -> (artifact id: '5668cfbe2f626213761980f5213d38c6') in 0.044661 seconds 
========================================================================
Received Import Request.
  Time since last request: 0.001131 seconds.
  path: Assets/Plugins/CW/PaintIn3D/Extras/Materials/Full/Ground_Grass_001_Metallic.png
  artifactKey: Guid(714c0b52f12cc5d42b6d514ad7db7a8d) Importer(815301076,1909f56bfc062723c751e8b465ee728b)
Start importing Assets/Plugins/CW/PaintIn3D/Extras/Materials/Full/Ground_Grass_001_Metallic.png using Guid(714c0b52f12cc5d42b6d514ad7db7a8d) Importer(815301076,1909f56bfc062723c751e8b465ee728b)  -> (artifact id: '180f4009887a8a80f4a40fa590cc54cf') in 0.144849 seconds 
========================================================================
Received Import Request.
  Time since last request: 0.001253 seconds.
  path: Assets/Plugins/CW/PaintIn3D/Examples/InGame/Meshes/HVLP_Normals.png
  artifactKey: Guid(29ee9369e9939fe49b1c28dac8cb315b) Importer(815301076,1909f56bfc062723c751e8b465ee728b)
Start importing Assets/Plugins/CW/PaintIn3D/Examples/InGame/Meshes/HVLP_Normals.png using Guid(29ee9369e9939fe49b1c28dac8cb315b) Importer(815301076,1909f56bfc062723c751e8b465ee728b)  -> (artifact id: 'f233718ff8936b249e9db05347875625') in 0.382700 seconds 
========================================================================
Received Import Request.
  Time since last request: 0.000693 seconds.
  path: Assets/Plugins/CW/PaintIn3D/Extras/Materials/Full/Metal_005.png
  artifactKey: Guid(4822a1d6a86ee944591114ef85865005) Importer(815301076,1909f56bfc062723c751e8b465ee728b)
Start importing Assets/Plugins/CW/PaintIn3D/Extras/Materials/Full/Metal_005.png using Guid(4822a1d6a86ee944591114ef85865005) Importer(815301076,1909f56bfc062723c751e8b465ee728b)  -> (artifact id: '614e6c91b88a386f51405804373d2835') in 0.058016 seconds 
========================================================================
Received Import Request.
  Time since last request: 0.001043 seconds.
  path: Assets/Plugins/CW/PaintIn3D/Examples/InGame/Meshes/Marker_MOS.png
  artifactKey: Guid(94dbf0f11f69c7249959a3cec030a185) Importer(815301076,1909f56bfc062723c751e8b465ee728b)
Start importing Assets/Plugins/CW/PaintIn3D/Examples/InGame/Meshes/Marker_MOS.png using Guid(94dbf0f11f69c7249959a3cec030a185) Importer(815301076,1909f56bfc062723c751e8b465ee728b)  -> (artifact id: 'c88773ce08c9386a9acdf6848528864f') in 0.074190 seconds 
========================================================================
Received Import Request.
  Time since last request: 0.001057 seconds.
  path: Assets/Plugins/CW/PaintIn3D/Examples/InGame/Meshes/Marker_Albedo_Red.png
  artifactKey: Guid(7a9c5f85fab00c241851e43206256591) Importer(815301076,1909f56bfc062723c751e8b465ee728b)
Start importing Assets/Plugins/CW/PaintIn3D/Examples/InGame/Meshes/Marker_Albedo_Red.png using Guid(7a9c5f85fab00c241851e43206256591) Importer(815301076,1909f56bfc062723c751e8b465ee728b)  -> (artifact id: '03d3a59e497ca0bd5d27a25b6c4c8108') in 0.069891 seconds 
========================================================================
Received Import Request.
  Time since last request: 0.001817 seconds.
  path: Assets/Plugins/CW/PaintIn3D/Examples/InGame/Meshes/Marker_Albedo_Blue.png
  artifactKey: Guid(8e1b60f59dd23034cbaa47d8b1c6b0ef) Importer(815301076,1909f56bfc062723c751e8b465ee728b)
Start importing Assets/Plugins/CW/PaintIn3D/Examples/InGame/Meshes/Marker_Albedo_Blue.png using Guid(8e1b60f59dd23034cbaa47d8b1c6b0ef) Importer(815301076,1909f56bfc062723c751e8b465ee728b)  -> (artifact id: 'a262abf66f3eae01c055a69885dbfae4') in 0.073473 seconds 
========================================================================
Received Import Request.
  Time since last request: 0.000770 seconds.
  path: Assets/Plugins/CW/PaintIn3D/Extras/Materials/Full/Metal_005_Albedo.png
  artifactKey: Guid(f534c015b4d4bf046a2895d051e9f386) Importer(815301076,1909f56bfc062723c751e8b465ee728b)
Start importing Assets/Plugins/CW/PaintIn3D/Extras/Materials/Full/Metal_005_Albedo.png using Guid(f534c015b4d4bf046a2895d051e9f386) Importer(815301076,1909f56bfc062723c751e8b465ee728b)  -> (artifact id: '1ccf2aa074cc655c0c97d3e9ee7833ec') in 0.070453 seconds 
========================================================================
Received Import Request.
  Time since last request: 0.000880 seconds.
  path: Assets/Plugins/CW/Shared/Common/Examples/Textures/Grid.png
  artifactKey: Guid(026cfa8e99aa0914faa770f5d4c58a23) Importer(815301076,1909f56bfc062723c751e8b465ee728b)
Start importing Assets/Plugins/CW/Shared/Common/Examples/Textures/Grid.png using Guid(026cfa8e99aa0914faa770f5d4c58a23) Importer(815301076,1909f56bfc062723c751e8b465ee728b)  -> (artifact id: '6b568ec15dc8c498e02659412636b151') in 0.035042 seconds 
========================================================================
Received Import Request.
  Time since last request: 0.001113 seconds.
  path: Assets/Plugins/CW/PaintIn3D/Examples/InGame/Meshes/Marker_Albedo_Purple.png
  artifactKey: Guid(1d1a65ba9ec87bc499c58a35fad76c92) Importer(815301076,1909f56bfc062723c751e8b465ee728b)
Start importing Assets/Plugins/CW/PaintIn3D/Examples/InGame/Meshes/Marker_Albedo_Purple.png using Guid(1d1a65ba9ec87bc499c58a35fad76c92) Importer(815301076,1909f56bfc062723c751e8b465ee728b)  -> (artifact id: 'd9cc2fad1dec89ed97542e098e009fbe') in 0.068853 seconds 
========================================================================
Received Prepare
Registering precompiled user dll's ...
Registered in 0.069761 seconds.
Begin MonoManager ReloadAssembly
Native extension for WindowsStandalone target not found
Refreshing native plugins compatible for Editor in 1.36 ms, found 2 plugins.
Preloading 0 native plugins for Editor in 0.00 ms.
Mono: successfully reloaded assembly
- Completed reload, in  3.237 seconds
Domain Reload Profiling:
	ReloadAssembly (3239ms)
		BeginReloadAssembly (438ms)
			ExecutionOrderSort (0ms)
			DisableScriptedObjects (18ms)
			BackupInstance (0ms)
			ReleaseScriptingObjects (0ms)
			CreateAndSetChildDomain (96ms)
		EndReloadAssembly (2626ms)
			LoadAssemblies (474ms)
			RebuildTransferFunctionScriptingTraits (0ms)
			SetupTypeCache (899ms)
			ReleaseScriptCaches (2ms)
			RebuildScriptCaches (110ms)
			SetupLoadedEditorAssemblies (929ms)
				LogAssemblyErrors (0ms)
				InitializePlatformSupportModulesInManaged (13ms)
				SetLoadedEditorAssemblies (1ms)
				RefreshPlugins (2ms)
				BeforeProcessingInitializeOnLoad (238ms)
				ProcessInitializeOnLoadAttributes (628ms)
				ProcessInitializeOnLoadMethodAttributes (38ms)
				AfterProcessingInitializeOnLoad (7ms)
				EditorAssembliesLoaded (1ms)
			ExecutionOrderSort2 (0ms)
			AwakeInstancesAfterBackupRestoration (22ms)
Platform modules already initialized, skipping
Switching build target platform(19) subTarget(0) extendedPlatform(0) -> platform(13) subTarget(537395200) extendedPlatform(0)
Refreshing native plugins compatible for Editor in 1.31 ms, found 2 plugins.
Preloading 0 native plugins for Editor in 0.00 ms.
Unloading 1660 Unused Serialized files (Serialized files now loaded: 0)
System memory in use before: 80.5 MB.
System memory in use after: 80.6 MB.

Unloading 11 unused Assets to reduce memory usage. Loaded Objects now: 2180.
Total: 7.712500 ms (FindLiveObjects: 0.646400 ms CreateObjectMapping: 0.352800 ms MarkObjects: 6.646700 ms  DeleteObjects: 0.062900 ms)

AssetImportParameters requested are different than current active one (requested -> active):
  custom:framework-win-MediaFoundation: 216162199b28c13a410421893ffa2e32 -> 
  custom:video-decoder-ogg-theora: a1e56fd34408186e4bbccfd4996cb3dc -> 
  custom:container-muxer-webm: aa71ff27fc2769a1b78a27578f13a17b -> 
  custom:container-demuxer-webm: 4f35f7cbe854078d1ac9338744f61a02 -> 
  custom:container-demuxer-ogg: 62fdf1f143b41e24485cea50d1cbac27 -> 
  custom:video-encoder-webm-vp8: eb34c28f22e8b96e1ab97ce403110664 -> 
  custom:video-decoder-webm-vp8: 9c59270c3fd7afecdb556c50c9e8de78 -> 
  custom:graphics/normal-map-encoding: 01000000000000000000000000000000 -> 02000000000000000000000000000000
  custom:audio-decoder-ogg-vorbis: bf7c407c2cedff20999df2af8eb42d56 -> 
  custom:audio-encoder-webm-vorbis: bf7c407c2cedff20999df2af8eb42d56 -> 
AssetImportWorkerClient::OnTransportError - code=2 error=End of file
